-------------------------------------------------------------------------------
Test set: edu.unisabana.dyas.tdd.registry.RegistryTest
-------------------------------------------------------------------------------
Tests run: 6, Failures: 6, Errors: 0, Skipped: 0, Time elapsed: 0.002 s <<< FAILURE! - in edu.unisabana.dyas.tdd.registry.RegistryTest
validateRegistryResultForDeadPerson(edu.unisabana.dyas.tdd.registry.RegistryTest)  Time elapsed: 0 s  <<< FAILURE!
java.lang.AssertionError: expected:<DEAD> but was:<VALID>
	at edu.unisabana.dyas.tdd.registry.RegistryTest.validateRegistryResultForDeadPerson(RegistryTest.java:35)

validateRegistryResultForInvalidAgePersonOld(edu.unisabana.dyas.tdd.registry.RegistryTest)  Time elapsed: 0 s  <<< FAILURE!
java.lang.AssertionError: expected:<INVALID_AGE> but was:<VALID>
	at edu.unisabana.dyas.tdd.registry.RegistryTest.validateRegistryResultForInvalidAgePersonOld(RegistryTest.java:79)

validateRegistryResultForUnderagePerson(edu.unisabana.dyas.tdd.registry.RegistryTest)  Time elapsed: 0 s  <<< FAILURE!
java.lang.AssertionError: expected:<UNDERAGE> but was:<VALID>
	at edu.unisabana.dyas.tdd.registry.RegistryTest.validateRegistryResultForUnderagePerson(RegistryTest.java:49)

validateRegistryResultForValidPerson(edu.unisabana.dyas.tdd.registry.RegistryTest)  Time elapsed: 0 s  <<< FAILURE!
java.lang.AssertionError: expected:<VALID> but was:<INVALID_AGE>
	at edu.unisabana.dyas.tdd.registry.RegistryTest.validateRegistryResultForValidPerson(RegistryTest.java:19)

validateRegistryResultForDuplicatedPerson(edu.unisabana.dyas.tdd.registry.RegistryTest)  Time elapsed: 0 s  <<< FAILURE!
java.lang.AssertionError: expected:<DUPLICATED> but was:<VALID>
	at edu.unisabana.dyas.tdd.registry.RegistryTest.validateRegistryResultForDuplicatedPerson(RegistryTest.java:98)

validateRegistryResultForInvalidAgePersonNegative(edu.unisabana.dyas.tdd.registry.RegistryTest)  Time elapsed: 0.001 s  <<< FAILURE!
java.lang.AssertionError: expected:<INVALID_AGE> but was:<UNDERAGE>
	at edu.unisabana.dyas.tdd.registry.RegistryTest.validateRegistryResultForInvalidAgePersonNegative(RegistryTest.java:64)

