<?xml version="1.0" encoding="UTF-8"?>
<testsuite xmlns:xsi="http://www.w3.org/2001/XMLSchema-instance" xsi:noNamespaceSchemaLocation="https://maven.apache.org/surefire/maven-surefire-plugin/xsd/surefire-test-report.xsd" name="edu.unisabana.dyas.tdd.registry.RegistryTest" time="0.002" tests="6" errors="0" skipped="0" failures="6">
  <properties>
    <property name="java.specification.version" value="22"/>
    <property name="sun.cpu.isalist" value="amd64"/>
    <property name="sun.jnu.encoding" value="Cp1252"/>
    <property name="java.class.path" value="C:\Users\Alejandro\Desktop\error\clasesequivalencia\target\test-classes;C:\Users\Alejandro\Desktop\error\clasesequivalencia\target\classes;C:\Users\Alejandro\.m2\repository\junit\junit\4.13.2\junit-4.13.2.jar;C:\Users\Alejandro\.m2\repository\org\hamcrest\hamcrest-core\1.3\hamcrest-core-1.3.jar;"/>
    <property name="java.vm.vendor" value="Oracle Corporation"/>
    <property name="sun.arch.data.model" value="64"/>
    <property name="user.variant" value=""/>
    <property name="java.vendor.url" value="https://java.oracle.com/"/>
    <property name="user.timezone" value="America/Bogota"/>
    <property name="os.name" value="Windows 11"/>
    <property name="java.vm.specification.version" value="22"/>
    <property name="sun.java.launcher" value="SUN_STANDARD"/>
    <property name="user.country" value="CO"/>
    <property name="sun.boot.library.path" value="C:\Program Files\Java\jdk-22\bin"/>
    <property name="sun.java.command" value="C:\Users\ALEJAN~1\AppData\Local\Temp\surefire470452491822279964\surefirebooter10027275561268660245.jar C:\Users\Alejandro\AppData\Local\Temp\surefire470452491822279964 2024-09-12T19-58-01_530-jvmRun1 surefire5223383744320425100tmp surefire_016936773029752766754tmp"/>
    <property name="jdk.debug" value="release"/>
    <property name="surefire.test.class.path" value="C:\Users\Alejandro\Desktop\error\clasesequivalencia\target\test-classes;C:\Users\Alejandro\Desktop\error\clasesequivalencia\target\classes;C:\Users\Alejandro\.m2\repository\junit\junit\4.13.2\junit-4.13.2.jar;C:\Users\Alejandro\.m2\repository\org\hamcrest\hamcrest-core\1.3\hamcrest-core-1.3.jar;"/>
    <property name="sun.cpu.endian" value="little"/>
    <property name="user.home" value="C:\Users\Alejandro"/>
    <property name="user.language" value="es"/>
    <property name="java.specification.vendor" value="Oracle Corporation"/>
    <property name="java.version.date" value="2024-07-16"/>
    <property name="java.home" value="C:\Program Files\Java\jdk-22"/>
    <property name="file.separator" value="\"/>
    <property name="basedir" value="C:\Users\Alejandro\Desktop\error\clasesequivalencia"/>
    <property name="java.vm.compressedOopsMode" value="32-bit"/>
    <property name="line.separator" value="&#10;"/>
    <property name="java.vm.specification.vendor" value="Oracle Corporation"/>
    <property name="java.specification.name" value="Java Platform API Specification"/>
    <property name="surefire.real.class.path" value="C:\Users\ALEJAN~1\AppData\Local\Temp\surefire470452491822279964\surefirebooter10027275561268660245.jar"/>
    <property name="user.script" value=""/>
    <property name="sun.management.compiler" value="HotSpot 64-Bit Tiered Compilers"/>
    <property name="java.runtime.version" value="22.0.2+9-70"/>
    <property name="user.name" value="Alejandro"/>
    <property name="stdout.encoding" value="Cp1252"/>
    <property name="path.separator" value=";"/>
    <property name="os.version" value="10.0"/>
    <property name="java.runtime.name" value="Java(TM) SE Runtime Environment"/>
    <property name="file.encoding" value="UTF-8"/>
    <property name="java.vm.name" value="Java HotSpot(TM) 64-Bit Server VM"/>
    <property name="localRepository" value="C:\Users\Alejandro\.m2\repository"/>
    <property name="java.vendor.url.bug" value="https://bugreport.java.com/bugreport/"/>
    <property name="java.io.tmpdir" value="C:\Users\ALEJAN~1\AppData\Local\Temp\"/>
    <property name="java.version" value="22.0.2"/>
    <property name="user.dir" value="C:\Users\Alejandro\Desktop\error\clasesequivalencia"/>
    <property name="os.arch" value="amd64"/>
    <property name="java.vm.specification.name" value="Java Virtual Machine Specification"/>
    <property name="sun.os.patch.level" value=""/>
    <property name="native.encoding" value="Cp1252"/>
    <property name="java.library.path" value="C:\Program Files\Java\jdk-22\bin;C:\WINDOWS\Sun\Java\bin;C:\WINDOWS\system32;C:\WINDOWS;C:\Users\Alejandro\bin;C:\Program Files\Git\mingw64\bin;C:\Program Files\Git\usr\local\bin;C:\Program Files\Git\usr\bin;C:\Program Files\Git\usr\bin;C:\Program Files\Git\mingw64\bin;C:\Program Files\Git\usr\bin;C:\Users\Alejandro\bin;C:\Program Files\Common Files\Oracle\Java\javapath;C:\Program Files (x86)\Common Files\Oracle\Java\java8path;C:\Program Files (x86)\Common Files\Oracle\Java\javapath;C:\windows\system32;C:\windows;C:\windows\System32\Wbem;C:\windows\System32\WindowsPowerShell\v1.0;C:\windows\System32\OpenSSH;C:\Program Files (x86)\NVIDIA Corporation\PhysX\Common;C:\Program Files\NVIDIA Corporation\NVIDIA NvDLISR;C:\WINDOWS\system32;C:\WINDOWS;C:\WINDOWS\System32\Wbem;C:\WINDOWS\System32\WindowsPowerShell\v1.0;C:\WINDOWS\System32\OpenSSH;C:\Program Files\Git\cmd;C:\Program Files (x86)\PICC;C:\Users\Alejandro\AppData\Local\Programs\Python\Launcher;C:\Users\Alejandro\AppData\Local\Microsoft\WindowsApps;C:\Users\Alejandro\AppData\Local\Programs\Microsoft VS Code\bin;C:\Users\Alejandro\Downloads\apache-maven-3.9.8-bin\apache-maven-3.9.8\bin;C:\Program Files\Git\usr\bin\vendor_perl;C:\Program Files\Git\usr\bin\core_perl;."/>
    <property name="java.vm.info" value="mixed mode, sharing"/>
    <property name="stderr.encoding" value="Cp1252"/>
    <property name="java.vendor" value="Oracle Corporation"/>
    <property name="java.vm.version" value="22.0.2+9-70"/>
    <property name="sun.io.unicode.encoding" value="UnicodeLittle"/>
    <property name="java.class.version" value="66.0"/>
  </properties>
  <testcase name="validateRegistryResultForDeadPerson" classname="edu.unisabana.dyas.tdd.registry.RegistryTest" time="0">
    <failure message="expected:&lt;DEAD&gt; but was:&lt;VALID&gt;" type="java.lang.AssertionError"><![CDATA[java.lang.AssertionError: expected:<DEAD> but was:<VALID>
	at edu.unisabana.dyas.tdd.registry.RegistryTest.validateRegistryResultForDeadPerson(RegistryTest.java:35)
]]></failure>
  </testcase>
  <testcase name="validateRegistryResultForInvalidAgePersonOld" classname="edu.unisabana.dyas.tdd.registry.RegistryTest" time="0">
    <failure message="expected:&lt;INVALID_AGE&gt; but was:&lt;VALID&gt;" type="java.lang.AssertionError"><![CDATA[java.lang.AssertionError: expected:<INVALID_AGE> but was:<VALID>
	at edu.unisabana.dyas.tdd.registry.RegistryTest.validateRegistryResultForInvalidAgePersonOld(RegistryTest.java:79)
]]></failure>
  </testcase>
  <testcase name="validateRegistryResultForUnderagePerson" classname="edu.unisabana.dyas.tdd.registry.RegistryTest" time="0">
    <failure message="expected:&lt;UNDERAGE&gt; but was:&lt;VALID&gt;" type="java.lang.AssertionError"><![CDATA[java.lang.AssertionError: expected:<UNDERAGE> but was:<VALID>
	at edu.unisabana.dyas.tdd.registry.RegistryTest.validateRegistryResultForUnderagePerson(RegistryTest.java:49)
]]></failure>
  </testcase>
  <testcase name="validateRegistryResultForValidPerson" classname="edu.unisabana.dyas.tdd.registry.RegistryTest" time="0">
    <failure message="expected:&lt;VALID&gt; but was:&lt;INVALID_AGE&gt;" type="java.lang.AssertionError"><![CDATA[java.lang.AssertionError: expected:<VALID> but was:<INVALID_AGE>
	at edu.unisabana.dyas.tdd.registry.RegistryTest.validateRegistryResultForValidPerson(RegistryTest.java:19)
]]></failure>
  </testcase>
  <testcase name="validateRegistryResultForDuplicatedPerson" classname="edu.unisabana.dyas.tdd.registry.RegistryTest" time="0">
    <failure message="expected:&lt;DUPLICATED&gt; but was:&lt;VALID&gt;" type="java.lang.AssertionError"><![CDATA[java.lang.AssertionError: expected:<DUPLICATED> but was:<VALID>
	at edu.unisabana.dyas.tdd.registry.RegistryTest.validateRegistryResultForDuplicatedPerson(RegistryTest.java:98)
]]></failure>
  </testcase>
  <testcase name="validateRegistryResultForInvalidAgePersonNegative" classname="edu.unisabana.dyas.tdd.registry.RegistryTest" time="0.001">
    <failure message="expected:&lt;INVALID_AGE&gt; but was:&lt;UNDERAGE&gt;" type="java.lang.AssertionError"><![CDATA[java.lang.AssertionError: expected:<INVALID_AGE> but was:<UNDERAGE>
	at edu.unisabana.dyas.tdd.registry.RegistryTest.validateRegistryResultForInvalidAgePersonNegative(RegistryTest.java:64)
]]></failure>
  </testcase>
</testsuite>