<?xml version="1.0" encoding="UTF-8"?>
<testsuite xmlns:xsi="http://www.w3.org/2001/XMLSchema-instance" xsi:noNamespaceSchemaLocation="https://maven.apache.org/surefire/maven-surefire-plugin/xsd/surefire-test-report.xsd" name="edu.unisabana.dyas.tdd.registry.RegistryTest" time="0.002" tests="6" errors="0" skipped="0" failures="6">
  <properties>
[...]
</properties>
  <testcase name="validateRegistryResultForDeadPerson" classname="edu.unisabana.dyas.tdd.registry.RegistryTest" time="0">
    <failure message="expected:&lt;DEAD&gt; but was:&lt;VALID&gt;" type="java.lang.AssertionError"><![CDATA[java.lang.AssertionError: expected:<DEAD> but was:<VALID>
	at edu.unisabana.dyas.tdd.registry.RegistryTest.validateRegistryResultForDeadPerson(RegistryTest.java:35)
]]></failure>
  </testcase>
  <testcase name="validateRegistryResultForInvalidAgePersonOld" classname="edu.unisabana.dyas.tdd.registry.RegistryTest" time="0">
    <failure message="expected:&lt;INVALID_AGE&gt; but was:&lt;VALID&gt;" type="java.lang.AssertionError"><![CDATA[java.lang.AssertionError: expected:<INVALID_AGE> but was:<VALID>
	at edu.unisabana.dyas.tdd.registry.RegistryTest.validateRegistryResultForInvalidAgePersonOld(RegistryTest.java:79)
]]></failure>
  </testcase>
  <testcase name="validateRegistryResultForUnderagePerson" classname="edu.unisabana.dyas.tdd.registry.RegistryTest" time="0">
    <failure message="expected:&lt;UNDERAGE&gt; but was:&lt;VALID&gt;" type="java.lang.AssertionError"><![CDATA[java.lang.AssertionError: expected:<UNDERAGE> but was:<VALID>
	at edu.unisabana.dyas.tdd.registry.RegistryTest.validateRegistryResultForUnderagePerson(RegistryTest.java:49)
]]></failure>
  </testcase>
  <testcase name="validateRegistryResultForValidPerson" classname="edu.unisabana.dyas.tdd.registry.RegistryTest" time="0">
    <failure message="expected:&lt;VALID&gt; but was:&lt;INVALID_AGE&gt;" type="java.lang.AssertionError"><![CDATA[java.lang.AssertionError: expected:<VALID> but was:<INVALID_AGE>
	at edu.unisabana.dyas.tdd.registry.RegistryTest.validateRegistryResultForValidPerson(RegistryTest.java:19)
]]></failure>
  </testcase>
  <testcase name="validateRegistryResultForDuplicatedPerson" classname="edu.unisabana.dyas.tdd.registry.RegistryTest" time="0">
    <failure message="expected:&lt;DUPLICATED&gt; but was:&lt;VALID&gt;" type="java.lang.AssertionError"><![CDATA[java.lang.AssertionError: expected:<DUPLICATED> but was:<VALID>
	at edu.unisabana.dyas.tdd.registry.RegistryTest.validateRegistryResultForDuplicatedPerson(RegistryTest.java:98)
]]></failure>
  </testcase>
  <testcase name="validateRegistryResultForInvalidAgePersonNegative" classname="edu.unisabana.dyas.tdd.registry.RegistryTest" time="0.001">
    <failure message="expected:&lt;INVALID_AGE&gt; but was:&lt;UNDERAGE&gt;" type="java.lang.AssertionError"><![CDATA[java.lang.AssertionError: expected:<INVALID_AGE> but was:<UNDERAGE>
	at edu.unisabana.dyas.tdd.registry.RegistryTest.validateRegistryResultForInvalidAgePersonNegative(RegistryTest.java:64)
]]></failure>
  </testcase>
</testsuite>